0 info it worked if it ends with ok
1 verbose cli [ 'C:\\Program Files\\nodejs\\node.exe',
1 verbose cli   'C:\\Program Files\\nodejs\\node_modules\\npm\\bin\\npm-cli.js',
1 verbose cli   'run',
1 verbose cli   'watch' ]
2 info using npm@3.10.10
3 info using node@v6.11.2
4 verbose run-script [ 'prewatch', 'watch', 'postwatch' ]
5 info lifecycle fci-history-v2@1.0.0~prewatch: fci-history-v2@1.0.0
6 silly lifecycle fci-history-v2@1.0.0~prewatch: no script for prewatch, continuing
7 info lifecycle fci-history-v2@1.0.0~watch: fci-history-v2@1.0.0
8 verbose lifecycle fci-history-v2@1.0.0~watch: unsafe-perm in lifecycle true
9 verbose lifecycle fci-history-v2@1.0.0~watch: PATH: C:\Program Files\nodejs\node_modules\npm\bin\node-gyp-bin;E:\Guille\github\fci-history-v2\node_modules\.bin;C:\ProgramData\Oracle\Java\javapath;C:\Program Files (x86)\Intel\iCLS Client\;C:\Program Files\Intel\iCLS Client\;C:\Program Files\Common Files\Microsoft Shared\Windows Live;C:\Program Files (x86)\Common Files\Microsoft Shared\Windows Live;C:\WINDOWS\system32;C:\WINDOWS;C:\WINDOWS\System32\Wbem;C:\WINDOWS\System32\WindowsPowerShell\v1.0\;C:\Program Files (x86)\Windows Live\Shared;C:\Program Files\Intel\Intel(R) Management Engine Components\DAL;C:\Program Files\Intel\Intel(R) Management Engine Components\IPT;C:\Program Files (x86)\Intel\Intel(R) Management Engine Components\DAL;C:\Program Files (x86)\Intel\Intel(R) Management Engine Components\IPT;C:\Program Files (x86)\Windows Kits\8.1\Windows Performance Toolkit\;C:\Program Files\Microsoft SQL Server\110\Tools\Binn\;c:\Program Files (x86)\Microsoft SQL Server\110\Tools\Binn\ManagementStudio\;c:\Program Files (x86)\Microsoft SQL Server\110\Tools\Binn\;c:\Program Files (x86)\Microsoft SQL Server\110\DTS\Binn\;C:\Program Files\Microsoft SQL Server\130\Tools\Binn\;C:\Program Files\dotnet\;C:\Program Files\Git\cmd;C:\Program Files\Microsoft SQL Server\Client SDK\ODBC\130\Tools\Binn\;C:\Program Files (x86)\Microsoft SQL Server\130\Tools\Binn\;C:\Program Files\Microsoft SQL Server\130\DTS\Binn\;C:\Program Files (x86)\Microsoft SQL Server\Client SDK\ODBC\130\Tools\Binn\;C:\Program Files (x86)\Microsoft SQL Server\130\DTS\Binn\;C:\Program Files (x86)\Microsoft SQL Server\130\Tools\Binn\ManagementStudio\;C:\Program Files (x86)\Microsoft SDKs\TypeScript\1.0\;C:\Program Files\Microsoft SQL Server\120\Tools\Binn\;C:\Program Files\Microsoft\Web Platform Installer\;C:\Program Files\nodejs\;C:\Users\gtamanaha\AppData\Local\Programs\Python\Python36-32\Scripts\;C:\Users\gtamanaha\AppData\Local\Programs\Python\Python36-32\;C:\Ruby24-x64\bin;C:\Users\gtamanaha\AppData\Local\Microsoft\WindowsApps;;C:\Program Files (x86)\Microsoft VS Code\bin;C:\Users\gtamanaha\AppData\Roaming\npm
10 verbose lifecycle fci-history-v2@1.0.0~watch: CWD: E:\Guille\github\fci-history-v2
11 silly lifecycle fci-history-v2@1.0.0~watch: Args: [ '/d /s /c',
11 silly lifecycle   'watchify public/js/index.js -o public/dist/bundle.js' ]
12 silly lifecycle fci-history-v2@1.0.0~watch: Returned: code: 1  signal: null
13 info lifecycle fci-history-v2@1.0.0~watch: Failed to exec watch script
14 verbose stack Error: fci-history-v2@1.0.0 watch: `watchify public/js/index.js -o public/dist/bundle.js`
14 verbose stack Exit status 1
14 verbose stack     at EventEmitter.<anonymous> (C:\Program Files\nodejs\node_modules\npm\lib\utils\lifecycle.js:255:16)
14 verbose stack     at emitTwo (events.js:106:13)
14 verbose stack     at EventEmitter.emit (events.js:191:7)
14 verbose stack     at ChildProcess.<anonymous> (C:\Program Files\nodejs\node_modules\npm\lib\utils\spawn.js:40:14)
14 verbose stack     at emitTwo (events.js:106:13)
14 verbose stack     at ChildProcess.emit (events.js:191:7)
14 verbose stack     at maybeClose (internal/child_process.js:891:16)
14 verbose stack     at Process.ChildProcess._handle.onexit (internal/child_process.js:226:5)
15 verbose pkgid fci-history-v2@1.0.0
16 verbose cwd E:\Guille\github\fci-history-v2
17 error Windows_NT 10.0.15063
18 error argv "C:\\Program Files\\nodejs\\node.exe" "C:\\Program Files\\nodejs\\node_modules\\npm\\bin\\npm-cli.js" "run" "watch"
19 error node v6.11.2
20 error npm  v3.10.10
21 error code ELIFECYCLE
22 error fci-history-v2@1.0.0 watch: `watchify public/js/index.js -o public/dist/bundle.js`
22 error Exit status 1
23 error Failed at the fci-history-v2@1.0.0 watch script 'watchify public/js/index.js -o public/dist/bundle.js'.
23 error Make sure you have the latest version of node.js and npm installed.
23 error If you do, this is most likely a problem with the fci-history-v2 package,
23 error not with npm itself.
23 error Tell the author that this fails on your system:
23 error     watchify public/js/index.js -o public/dist/bundle.js
23 error You can get information on how to open an issue for this project with:
23 error     npm bugs fci-history-v2
23 error Or if that isn't available, you can get their info via:
23 error     npm owner ls fci-history-v2
23 error There is likely additional logging output above.
24 verbose exit [ 1, true ]
